<?xml version="1.0" encoding="UTF-8"?>
<!-- Generated by org.testng.reporters.JUnitReportReporter -->
<testsuite skipped="0" hostname="LAPTOP-5B0HQLC2" name="com.matthiasrothe.testng.ClickUpReporterTest" tests="1" failures="0" timestamp="2021-11-08T02:30:10 MEZ" time="0.010" errors="0">
  <testcase name="shouldSucceed" time="0.010" classname="com.matthiasrothe.testng.ClickUpReporterTest"/>
  <system-out/>
</testsuite> <!-- com.matthiasrothe.testng.ClickUpReporterTest -->
